Arguments: 
  /Users/benoitlahoz/.nvm/versions/node/v18.16.0/bin/node /usr/local/bin/yarn start:server

PATH: 
  /Users/benoitlahoz/.nvm/versions/node/v18.16.0/bin:/Users/benoitlahoz/Documents/oz/emscripten/emsdk:/Users/benoitlahoz/Documents/oz/emscripten/emsdk/upstream/emscripten:/Users/benoitlahoz/Documents/oz/emscripten/emsdk/node/14.18.2_64bit/bin:/usr/local/bin:/usr/bin:/bin:/usr/sbin:/sbin:/Applications/Little Snitch.app/Contents/Components:/usr/local/share/dotnet:/opt/X11/bin:~/.dotnet/tools:/Library/Apple/usr/bin:/Library/Frameworks/Mono.framework/Versions/Current/Commands

Yarn version: 
  1.22.18

Node version: 
  18.16.0

Platform: 
  darwin x64

Trace: 
  SyntaxError: /Users/benoitlahoz/Documents/oz/@mobiusz/node-syphon/examples/socket-io/package.json: Unexpected string in JSON at position 358
      at JSON.parse (<anonymous>)
      at /usr/local/lib/node_modules/yarn/lib/cli.js:1625:59
      at Generator.next (<anonymous>)
      at step (/usr/local/lib/node_modules/yarn/lib/cli.js:310:30)
      at /usr/local/lib/node_modules/yarn/lib/cli.js:321:13

npm manifest: 
  {
    "name": "node-syphon-socket-example",
    "version": "0.1.0",
    "license": "GPL-3.0+",
    "author": {
      "name": "Benoît LAHOZ",
      "url": "https://www.benoitlahoz.io",
      "email": "info@benoitlahoz.io"
    },
    "scripts": {
      "build:server": "vite build --config api/vite.config.ts",
      "start:server": "node api/dist/example-socket-io-server.mjs"
      "build:client": "vite build --config browser/vite.config.ts",
      "start:client": "vite --config browser/vite.config.ts --host"
    },
    "devDependencies": {
      "@types/bindings": "^1.5.1",
      "@types/node": "^20.4.5",
      "@vitejs/plugin-vue": "^4.2.3",
      "node-gyp": "^9.4.0",
      "pug": "^3.0.2",
      "rimraf": "^5.0.1",
      "sass": "^1.64.2",
      "terser": "^5.19.2",
      "vite": "^4.4.7",
      "vite-plugin-dts": "^3.3.1",
      "vite-plugin-static-copy": "^0.17.0"
    },
    "dependencies": {
      "node-syphon": "^0.1.1",
      "socket.io": "^4.7.2",
      "socket.io-client": "^4.7.2",
      "vue": "^3.3.4"
    }
  }

yarn manifest: 
  No manifest

Lockfile: 
  No lockfile
